<?xml version="1.0" encoding="UTF-8"?>
<!-- Generated by org.testng.reporters.JUnitReportReporter -->
<testsuite skipped="0" hostname="DuongTruong-986043" name="demo.testcases.Login" tests="1" failures="0" timestamp="09 May 2018 04:04:04 GMT" time="13.164" errors="0">
  <testcase name="login" time="13.164" classname="demo.testcases.Login"/>
</testsuite> <!-- demo.testcases.Login -->
